<?xml version="1.0" encoding="UTF-8"?>
<testng-results skipped="0" failed="0" ignored="0" total="1" passed="1">
  <reporter-output>
  </reporter-output>
  <suite name="Default suite" duration-ms="267" started-at="2022-03-15T06:42:14Z" finished-at="2022-03-15T06:42:14Z">
    <groups>
    </groups>
    <test name="Default test" duration-ms="267" started-at="2022-03-15T06:42:14Z" finished-at="2022-03-15T06:42:14Z">
      <class name="snapChat1.KIchhaTest">
        <test-method status="PASS" signature="kIchhaTest()[pri:0, instance:snapChat1.KIchhaTest@5034c75a]" name="kIchhaTest" duration-ms="36" started-at="2022-03-15T06:42:14Z" finished-at="2022-03-15T06:42:14Z">
          <reporter-output>
          </reporter-output>
        </test-method> <!-- kIchhaTest -->
      </class> <!-- snapChat1.KIchhaTest -->
    </test> <!-- Default test -->
  </suite> <!-- Default suite -->
</testng-results>
